nohup: ignoring input
Search changed move. Blueprint picked p0a2 with average score 0; search picked p0a1 with average score 5.11828
Search changed move. Blueprint picked p0a2 with average score 0; search picked p0a1 with average score 5.38776
Search changed move. Blueprint picked p0a2 with average score 3.84615; search picked p0a1 with average score 5.11628
Search changed move. Blueprint picked p0a2 with average score 0; search picked p0a1 with average score 5.34694
Search changed move. Blueprint picked p0a2 with average score 0; search picked p0a1 with average score 5.29167
Search changed move. Blueprint picked p0a2 with average score 3.33333; search picked p0a1 with average score 4.91667
Search changed move. Blueprint picked p0a2 with average score 0; search picked p0a1 with average score 5.46939
Search changed move. Blueprint picked p0a2 with average score 0; search picked p0a1 with average score 5.38272
Search changed move. Blueprint picked p0a2 with average score 0; search picked p0a1 with average score 4.89796
Search changed move. Blueprint picked p0a2 with average score 3.33333; search picked p0a1 with average score 5.82716
Search changed move. Blueprint picked p0a2 with average score 0; search picked p0a1 with average score 5.26531
Search changed move. Blueprint picked p0a2 with average score 0; search picked p0a1 with average score 5.06122
Search changed move. Blueprint picked p0a2 with average score 0; search picked p0a1 with average score 5.30612
Search changed move. Blueprint picked p0a2 with average score 0; search picked p0a1 with average score 5.33333
Search changed move. Blueprint picked p0a2 with average score 3.33333; search picked p0a1 with average score 5.14286
Search changed move. Blueprint picked p0a2 with average score 0; search picked p0a1 with average score 5.67347
Search changed move. Blueprint picked p0a2 with average score 0; search picked p0a1 with average score 5.25
Search changed move. Blueprint picked p0a2 with average score 0; search picked p0a1 with average score 4.81633
Search changed move. Blueprint picked p0a2 with average score 0; search picked p0a1 with average score 5.34694
Search changed move. Blueprint picked p0a2 with average score 0; search picked p0a1 with average score 5.34694
Search changed move. Blueprint picked p0a2 with average score 0; search picked p0a1 with average score 4.98876
Search changed move. Blueprint picked p0a2 with average score 0; search picked p0a1 with average score 5.63265
Search changed move. Blueprint picked p0a2 with average score 0; search picked p0a1 with average score 5.41667
Search changed move. Blueprint picked p0a2 with average score 3.33333; search picked p0a1 with average score 5
Search changed move. Blueprint picked p0a2 with average score 3.33333; search picked p0a1 with average score 5.35
Search changed move. Blueprint picked p0a2 with average score 4.28571; search picked p0a1 with average score 5.52174
Search changed move. Blueprint picked p0a2 with average score 0; search picked p0a1 with average score 5.55102
Search changed move. Blueprint picked p0a2 with average score 0; search picked p0a1 with average score 5.125
Search changed move. Blueprint picked p0a2 with average score 0; search picked p0a1 with average score 5.16667
Search changed move. Blueprint picked p0a2 with average score 0; search picked p0a1 with average score 5.33333
Search changed move. Blueprint picked p0a2 with average score 3.33333; search picked p0a1 with average score 5.3913
Search changed move. Blueprint picked p0a2 with average score 4; search picked p0a1 with average score 5.1236
Search changed move. Blueprint picked p0a2 with average score 4.28571; search picked p0a1 with average score 5.34783
Search changed move. Blueprint picked p0a2 with average score 0; search picked p0a1 with average score 5.46939
Search changed move. Blueprint picked p0a2 with average score 0; search picked p0a1 with average score 5.10204
Search changed move. Blueprint picked p0a2 with average score 0; search picked p0a1 with average score 5.22449
Search changed move. Blueprint picked p0a2 with average score 0; search picked p0a1 with average score 5.30612
Search changed move. Blueprint picked p0a2 with average score 0; search picked p0a1 with average score 5.06122
Search changed move. Blueprint picked p0a2 with average score 0; search picked p0a1 with average score 5.38776
Search changed move. Blueprint picked p0a2 with average score 0; search picked p0a1 with average score 5.38776
Search changed move. Blueprint picked p0a2 with average score 0; search picked p0a1 with average score 5.16667
Search changed move. Blueprint picked p0a2 with average score 0; search picked p0a1 with average score 5.55102
Search changed move. Blueprint picked p0a2 with average score 0; search picked p0a1 with average score 5.54167
Search changed move. Blueprint picked p0a2 with average score 0; search picked p0a1 with average score 5.30612
Search changed move. Blueprint picked p0a2 with average score 4; search picked p0a1 with average score 4.78049
Search changed move. Blueprint picked p0a2 with average score 4; search picked p0a1 with average score 5.2766
Search changed move. Blueprint picked p0a2 with average score 0; search picked p0a1 with average score 5.38776
Search changed move. Blueprint picked p0a2 with average score 0; search picked p0a1 with average score 5.14286
Search changed move. Blueprint picked p0a2 with average score 0; search picked p0a1 with average score 5.26531
Search changed move. Blueprint picked p0a2 with average score 0; search picked p0a1 with average score 4.97959
Search changed move. Blueprint picked p0a2 with average score 3.33333; search picked p0a1 with average score 5.10638
Search changed move. Blueprint picked p0a2 with average score 0; search picked p0a1 with average score 5.46939
Search changed move. Blueprint picked p0a2 with average score 0; search picked p0a1 with average score 5.18367
Search changed move. Blueprint picked p0a2 with average score 4.28571; search picked p0a1 with average score 5.3913
Search changed move. Blueprint picked p0a2 with average score 4; search picked p0a1 with average score 5.40909
Search changed move. Blueprint picked p0a2 with average score 0; search picked p0a1 with average score 5.26531
Search changed move. Blueprint picked p0a2 with average score 3.33333; search picked p0a1 with average score 5.16667
Search changed move. Blueprint picked p0a2 with average score 0; search picked p0a1 with average score 5.2766
Search changed move. Blueprint picked p0a2 with average score 0; search picked p0a1 with average score 5.55102
Search changed move. Blueprint picked p0a2 with average score 5; search picked p0a1 with average score 5.64706
Search changed move. Blueprint picked p0a2 with average score 0; search picked p0a1 with average score 5.59184
Search changed move. Blueprint picked p0a2 with average score 0; search picked p0a1 with average score 4.89796
Search changed move. Blueprint picked p0a2 with average score 0; search picked p0a1 with average score 5.10204
Search changed move. Blueprint picked p0a2 with average score 4.58333; search picked p0a1 with average score 5.01333
Search changed move. Blueprint picked p0a2 with average score 0; search picked p0a1 with average score 5.45833
Search changed move. Blueprint picked p0a2 with average score 0; search picked p0a1 with average score 5.10204
Search changed move. Blueprint picked p0a2 with average score 4.44444; search picked p0a1 with average score 5.24444
Search changed move. Blueprint picked p0a2 with average score 0; search picked p0a1 with average score 5.34694
Search changed move. Blueprint picked p0a2 with average score 4.54545; search picked p0a1 with average score 5.59091
Search changed move. Blueprint picked p0a2 with average score 0; search picked p0a1 with average score 4.93878
Search changed move. Blueprint picked p0a2 with average score 0; search picked p0a1 with average score 5.375
Search changed move. Blueprint picked p0a2 with average score 0; search picked p0a1 with average score 5.26531
Search changed move. Blueprint picked p0a2 with average score 0; search picked p0a1 with average score 5.30612
Search changed move. Blueprint picked p0a2 with average score 4.73684; search picked p0a1 with average score 5.12821
Search changed move. Blueprint picked p0a2 with average score 3.33333; search picked p0a1 with average score 5.16667
Search changed move. Blueprint picked p0a2 with average score 0; search picked p0a1 with average score 5.38776
Search changed move. Blueprint picked p0a2 with average score 0; search picked p0a1 with average score 5.18367
Search changed move. Blueprint picked p0a2 with average score 0; search picked p0a1 with average score 5.47826
Search changed move. Blueprint picked p0a2 with average score 0; search picked p0a1 with average score 5.02326
Search changed move. Blueprint picked p0a2 with average score 0; search picked p0a1 with average score 5.46939
Search changed move. Blueprint picked p0a2 with average score 0; search picked p0a1 with average score 5.02041
Search changed move. Blueprint picked p0a2 with average score 0; search picked p0a1 with average score 5.5102
Search changed move. Blueprint picked p0a2 with average score 0; search picked p0a1 with average score 5.14286
Search changed move. Blueprint picked p0a2 with average score 4.28571; search picked p0a1 with average score 5.40909
Search changed move. Blueprint picked p0a2 with average score 0; search picked p0a1 with average score 5.38776
Search changed move. Blueprint picked p0a2 with average score 0; search picked p0a1 with average score 5.06122
Search changed move. Blueprint picked p0a2 with average score 3.75; search picked p0a1 with average score 5.14286
Search changed move. Blueprint picked p0a2 with average score 0; search picked p0a1 with average score 5.42857
Search changed move. Blueprint picked p0a2 with average score 0; search picked p0a1 with average score 5.26531
Search changed move. Blueprint picked p0a2 with average score 0; search picked p0a1 with average score 5.59184
Search changed move. Blueprint picked p0a2 with average score 0; search picked p0a1 with average score 5.34694
Search changed move. Blueprint picked p0a2 with average score 3.75; search picked p0a1 with average score 5.40659
Search changed move. Blueprint picked p0a2 with average score 0; search picked p0a1 with average score 5.79592
Search changed move. Blueprint picked p0a2 with average score 0; search picked p0a1 with average score 5.47826
Search changed move. Blueprint picked p0a2 with average score 4; search picked p0a1 with average score 5.2766
Search changed move. Blueprint picked p0a2 with average score 4.54545; search picked p0a1 with average score 5.45455
Search changed move. Blueprint picked p0a2 with average score 4.44444; search picked p0a1 with average score 5.90909
Search changed move. Blueprint picked p0a2 with average score 0; search picked p0a1 with average score 5.42857
Search changed move. Blueprint picked p0a2 with average score 0; search picked p0a1 with average score 5.38776
Search changed move. Blueprint picked p0a2 with average score 0; search picked p0a1 with average score 5.41667

총 반복 횟수: 100
상태별 빈도 및 평균 보상:
State (0, 0): 빈도 = 0.3, 평균 보상 = 8
State (0, 1): 빈도 = 0.19, 평균 보상 = 8
State (1, 0): 빈도 = 0.2, 평균 보상 = 8
State (1, 1): 빈도 = 0.31, 평균 보상 = 8
